/*C8*/SET SCHEMA PUBLIC
create table PERSON (PERSON_ID bigint generated by default as identity (start with 1), age integer, firstname varchar(255), lastname varchar(255), primary key (PERSON_ID))
create table PERSON_EVENT (PERSON_ID bigint not null, EVENT_ID bigint not null, primary key (PERSON_ID, EVENT_ID))
alter table PERSON_EVENT add constraint FKAD91D910A8B41A9A foreign key (EVENT_ID) references EVENTS
alter table PERSON_EVENT add constraint FKAD91D910B0A1327A foreign key (PERSON_ID) references PERSON
DISCONNECT
/*C9*/SET SCHEMA PUBLIC
DISCONNECT
/*C10*/SET SCHEMA PUBLIC
INSERT INTO EVENTS VALUES(6,'2013-03-18 19:56:46.096000','My Event')
COMMIT
DISCONNECT
/*C11*/SET SCHEMA PUBLIC
DISCONNECT
/*C12*/SET SCHEMA PUBLIC
INSERT INTO PERSON VALUES(1,29,'Somnath','Upadhyay')
COMMIT
DISCONNECT
/*C13*/SET SCHEMA PUBLIC
DISCONNECT
/*C14*/SET SCHEMA PUBLIC
INSERT INTO PERSON_EVENT VALUES(1,1)
COMMIT
DISCONNECT
/*C15*/SET SCHEMA PUBLIC
ROLLBACK
DISCONNECT
/*C16*/SET SCHEMA PUBLIC
ROLLBACK
DISCONNECT
